Analysis & Synthesis report for 8-bit_Multiplier
Sun Jul 11 01:39:55 2021
Quartus Prime Version 20.1.1 Build 720 11/11/2020 SJ Lite Edition


---------------------
; Table of Contents ;
---------------------
  1. Legal Notice
  2. Analysis & Synthesis Summary
  3. Analysis & Synthesis Settings
  4. Parallel Compilation
  5. Analysis & Synthesis Source Files Read
  6. Analysis & Synthesis Resource Usage Summary
  7. Analysis & Synthesis Resource Utilization by Entity
  8. State Machine - |Multiplier_8_bit|control_unit:Control_Unit|current_state
  9. Registers Removed During Synthesis
 10. General Register Statistics
 11. Multiplexer Restructuring Statistics (Restructuring Performed)
 12. Port Connectivity Checks: "adder_subtractor_9_bit:Add_Sub_9_bit|full_adder_1_bit:FA_1_bit_8"
 13. Port Connectivity Checks: "adder_subtractor_9_bit:Add_Sub_9_bit"
 14. Post-Synthesis Netlist Statistics for Top Partition
 15. Elapsed Time Per Partition
 16. Analysis & Synthesis Messages
 17. Analysis & Synthesis Suppressed Messages



----------------
; Legal Notice ;
----------------
Copyright (C) 2020  Intel Corporation. All rights reserved.
Your use of Intel Corporation's design tools, logic functions 
and other software and tools, and any partner logic 
functions, and any output files from any of the foregoing 
(including device programming or simulation files), and any 
associated documentation or information are expressly subject 
to the terms and conditions of the Intel Program License 
Subscription Agreement, the Intel Quartus Prime License Agreement,
the Intel FPGA IP License Agreement, or other applicable license
agreement, including, without limitation, that your use is for
the sole purpose of programming logic devices manufactured by
Intel and sold by Intel or its authorized distributors.  Please
refer to the applicable agreement for further details, at
https://fpgasoftware.intel.com/eula.



+----------------------------------------------------------------------------------+
; Analysis & Synthesis Summary                                                     ;
+------------------------------------+---------------------------------------------+
; Analysis & Synthesis Status        ; Successful - Sun Jul 11 01:39:55 2021       ;
; Quartus Prime Version              ; 20.1.1 Build 720 11/11/2020 SJ Lite Edition ;
; Revision Name                      ; 8-bit_Multiplier                            ;
; Top-level Entity Name              ; Multiplier_8_bit                            ;
; Family                             ; MAX 10                                      ;
; Total logic elements               ; 101                                         ;
;     Total combinational functions  ; 85                                          ;
;     Dedicated logic registers      ; 41                                          ;
; Total registers                    ; 41                                          ;
; Total pins                         ; 57                                          ;
; Total virtual pins                 ; 0                                           ;
; Total memory bits                  ; 0                                           ;
; Embedded Multiplier 9-bit elements ; 0                                           ;
; Total PLLs                         ; 0                                           ;
; UFM blocks                         ; 0                                           ;
; ADC blocks                         ; 0                                           ;
+------------------------------------+---------------------------------------------+


+------------------------------------------------------------------------------------------------------------+
; Analysis & Synthesis Settings                                                                              ;
+------------------------------------------------------------------+--------------------+--------------------+
; Option                                                           ; Setting            ; Default Value      ;
+------------------------------------------------------------------+--------------------+--------------------+
; Device                                                           ; 10M50DAF484C7G     ;                    ;
; Top-level entity name                                            ; Multiplier_8_bit   ; 8-bit_Multiplier   ;
; Family name                                                      ; MAX 10             ; Cyclone V          ;
; Use smart compilation                                            ; Off                ; Off                ;
; Enable parallel Assembler and Timing Analyzer during compilation ; On                 ; On                 ;
; Enable compact report table                                      ; Off                ; Off                ;
; Restructure Multiplexers                                         ; Auto               ; Auto               ;
; Create Debugging Nodes for IP Cores                              ; Off                ; Off                ;
; Preserve fewer node names                                        ; On                 ; On                 ;
; Intel FPGA IP Evaluation Mode                                    ; Enable             ; Enable             ;
; Verilog Version                                                  ; Verilog_2001       ; Verilog_2001       ;
; VHDL Version                                                     ; VHDL_1993          ; VHDL_1993          ;
; State Machine Processing                                         ; Auto               ; Auto               ;
; Safe State Machine                                               ; Off                ; Off                ;
; Extract Verilog State Machines                                   ; On                 ; On                 ;
; Extract VHDL State Machines                                      ; On                 ; On                 ;
; Ignore Verilog initial constructs                                ; Off                ; Off                ;
; Iteration limit for constant Verilog loops                       ; 5000               ; 5000               ;
; Iteration limit for non-constant Verilog loops                   ; 250                ; 250                ;
; Add Pass-Through Logic to Inferred RAMs                          ; On                 ; On                 ;
; Infer RAMs from Raw Logic                                        ; On                 ; On                 ;
; Parallel Synthesis                                               ; On                 ; On                 ;
; DSP Block Balancing                                              ; Auto               ; Auto               ;
; NOT Gate Push-Back                                               ; On                 ; On                 ;
; Power-Up Don't Care                                              ; On                 ; On                 ;
; Remove Redundant Logic Cells                                     ; Off                ; Off                ;
; Remove Duplicate Registers                                       ; On                 ; On                 ;
; Ignore CARRY Buffers                                             ; Off                ; Off                ;
; Ignore CASCADE Buffers                                           ; Off                ; Off                ;
; Ignore GLOBAL Buffers                                            ; Off                ; Off                ;
; Ignore ROW GLOBAL Buffers                                        ; Off                ; Off                ;
; Ignore LCELL Buffers                                             ; Off                ; Off                ;
; Ignore SOFT Buffers                                              ; On                 ; On                 ;
; Limit AHDL Integers to 32 Bits                                   ; Off                ; Off                ;
; Optimization Technique                                           ; Balanced           ; Balanced           ;
; Carry Chain Length                                               ; 70                 ; 70                 ;
; Auto Carry Chains                                                ; On                 ; On                 ;
; Auto Open-Drain Pins                                             ; On                 ; On                 ;
; Perform WYSIWYG Primitive Resynthesis                            ; Off                ; Off                ;
; Auto ROM Replacement                                             ; On                 ; On                 ;
; Auto RAM Replacement                                             ; On                 ; On                 ;
; Auto DSP Block Replacement                                       ; On                 ; On                 ;
; Auto Shift Register Replacement                                  ; Auto               ; Auto               ;
; Allow Shift Register Merging across Hierarchies                  ; Auto               ; Auto               ;
; Auto Clock Enable Replacement                                    ; On                 ; On                 ;
; Strict RAM Replacement                                           ; Off                ; Off                ;
; Allow Synchronous Control Signals                                ; On                 ; On                 ;
; Force Use of Synchronous Clear Signals                           ; Off                ; Off                ;
; Auto RAM Block Balancing                                         ; On                 ; On                 ;
; Auto RAM to Logic Cell Conversion                                ; Off                ; Off                ;
; Auto Resource Sharing                                            ; Off                ; Off                ;
; Allow Any RAM Size For Recognition                               ; Off                ; Off                ;
; Allow Any ROM Size For Recognition                               ; Off                ; Off                ;
; Allow Any Shift Register Size For Recognition                    ; Off                ; Off                ;
; Use LogicLock Constraints during Resource Balancing              ; On                 ; On                 ;
; Ignore translate_off and synthesis_off directives                ; Off                ; Off                ;
; Timing-Driven Synthesis                                          ; On                 ; On                 ;
; Report Parameter Settings                                        ; On                 ; On                 ;
; Report Source Assignments                                        ; On                 ; On                 ;
; Report Connectivity Checks                                       ; On                 ; On                 ;
; Ignore Maximum Fan-Out Assignments                               ; Off                ; Off                ;
; Synchronization Register Chain Length                            ; 2                  ; 2                  ;
; Power Optimization During Synthesis                              ; Normal compilation ; Normal compilation ;
; HDL message level                                                ; Level2             ; Level2             ;
; Suppress Register Optimization Related Messages                  ; Off                ; Off                ;
; Number of Removed Registers Reported in Synthesis Report         ; 5000               ; 5000               ;
; Number of Swept Nodes Reported in Synthesis Report               ; 5000               ; 5000               ;
; Number of Inverted Registers Reported in Synthesis Report        ; 100                ; 100                ;
; Clock MUX Protection                                             ; On                 ; On                 ;
; Auto Gated Clock Conversion                                      ; Off                ; Off                ;
; Block Design Naming                                              ; Auto               ; Auto               ;
; SDC constraint protection                                        ; Off                ; Off                ;
; Synthesis Effort                                                 ; Auto               ; Auto               ;
; Shift Register Replacement - Allow Asynchronous Clear Signal     ; On                 ; On                 ;
; Pre-Mapping Resynthesis Optimization                             ; Off                ; Off                ;
; Analysis & Synthesis Message Level                               ; Medium             ; Medium             ;
; Disable Register Merging Across Hierarchies                      ; Auto               ; Auto               ;
; Resource Aware Inference For Block RAM                           ; On                 ; On                 ;
+------------------------------------------------------------------+--------------------+--------------------+


+------------------------------------------+
; Parallel Compilation                     ;
+----------------------------+-------------+
; Processors                 ; Number      ;
+----------------------------+-------------+
; Number detected on machine ; 2           ;
; Maximum allowed            ; 2           ;
;                            ;             ;
; Average used               ; 1.00        ;
; Maximum used               ; 2           ;
;                            ;             ;
; Usage by Processor         ; % Time Used ;
;     Processor 1            ; 100.0%      ;
;     Processor 2            ;   0.0%      ;
+----------------------------+-------------+


+-------------------------------------------------------------------------------------------------------------------------------------------------------------------------------+
; Analysis & Synthesis Source Files Read                                                                                                                                        ;
+----------------------------------+-----------------+------------------------------+---------------------------------------------------------------------------------+---------+
; File Name with User-Entered Path ; Used in Netlist ; File Type                    ; File Name with Absolute Path                                                    ; Library ;
+----------------------------------+-----------------+------------------------------+---------------------------------------------------------------------------------+---------+
; Synchronizers.sv                 ; yes             ; User SystemVerilog HDL File  ; C:/Users/Marco Reus/Documents/ECE385/8-bit_Multiplier/Synchronizers.sv          ;         ;
; Multiplier_8_bit.sv              ; yes             ; User SystemVerilog HDL File  ; C:/Users/Marco Reus/Documents/ECE385/8-bit_Multiplier/Multiplier_8_bit.sv       ;         ;
; HexDriver.sv                     ; yes             ; User SystemVerilog HDL File  ; C:/Users/Marco Reus/Documents/ECE385/8-bit_Multiplier/HexDriver.sv              ;         ;
; Control_Unit.sv                  ; yes             ; User SystemVerilog HDL File  ; C:/Users/Marco Reus/Documents/ECE385/8-bit_Multiplier/Control_Unit.sv           ;         ;
; 9-bit_Adder_Subtractor.sv        ; yes             ; User SystemVerilog HDL File  ; C:/Users/Marco Reus/Documents/ECE385/8-bit_Multiplier/9-bit_Adder_Subtractor.sv ;         ;
; 8-bit_Register.sv                ; yes             ; User SystemVerilog HDL File  ; C:/Users/Marco Reus/Documents/ECE385/8-bit_Multiplier/8-bit_Register.sv         ;         ;
; 1-bit_Register.sv                ; yes             ; User SystemVerilog HDL File  ; C:/Users/Marco Reus/Documents/ECE385/8-bit_Multiplier/1-bit_Register.sv         ;         ;
; 1-bit_Full_Adder.sv              ; yes             ; User SystemVerilog HDL File  ; C:/Users/Marco Reus/Documents/ECE385/8-bit_Multiplier/1-bit_Full_Adder.sv       ;         ;
+----------------------------------+-----------------+------------------------------+---------------------------------------------------------------------------------+---------+


+---------------------------------------------------------+
; Analysis & Synthesis Resource Usage Summary             ;
+---------------------------------------------+-----------+
; Resource                                    ; Usage     ;
+---------------------------------------------+-----------+
; Estimated Total logic elements              ; 101       ;
;                                             ;           ;
; Total combinational functions               ; 85        ;
; Logic element usage by number of LUT inputs ;           ;
;     -- 4 input functions                    ; 74        ;
;     -- 3 input functions                    ; 5         ;
;     -- <=2 input functions                  ; 6         ;
;                                             ;           ;
; Logic elements by mode                      ;           ;
;     -- normal mode                          ; 85        ;
;     -- arithmetic mode                      ; 0         ;
;                                             ;           ;
; Total registers                             ; 41        ;
;     -- Dedicated logic registers            ; 41        ;
;     -- I/O registers                        ; 0         ;
;                                             ;           ;
; I/O pins                                    ; 57        ;
;                                             ;           ;
; Embedded Multiplier 9-bit elements          ; 0         ;
;                                             ;           ;
; Maximum fan-out node                        ; CLK~input ;
; Maximum fan-out                             ; 41        ;
; Total fan-out                               ; 542       ;
; Average fan-out                             ; 2.26      ;
+---------------------------------------------+-----------+


+-----------------------------------------------------------------------------------------------------------------------------------------------------------------------------------------------------------------------------------------------------------------------------------------------------------------------------+
; Analysis & Synthesis Resource Utilization by Entity                                                                                                                                                                                                                                                                         ;
+-------------------------------------------+---------------------+---------------------------+-------------+------------+--------------+---------+-----------+------+--------------+------------+------------------------------------------------------------------------------------+------------------------+--------------+
; Compilation Hierarchy Node                ; Combinational ALUTs ; Dedicated Logic Registers ; Memory Bits ; UFM Blocks ; DSP Elements ; DSP 9x9 ; DSP 18x18 ; Pins ; Virtual Pins ; ADC blocks ; Full Hierarchy Name                                                                ; Entity Name            ; Library Name ;
+-------------------------------------------+---------------------+---------------------------+-------------+------------+--------------+---------+-----------+------+--------------+------------+------------------------------------------------------------------------------------+------------------------+--------------+
; |Multiplier_8_bit                         ; 85 (1)              ; 41 (0)                    ; 0           ; 0          ; 0            ; 0       ; 0         ; 57   ; 0            ; 0          ; |Multiplier_8_bit                                                                  ; Multiplier_8_bit       ; work         ;
;    |HexDriver:HexAL|                      ; 7 (7)               ; 0 (0)                     ; 0           ; 0          ; 0            ; 0       ; 0         ; 0    ; 0            ; 0          ; |Multiplier_8_bit|HexDriver:HexAL                                                  ; HexDriver              ; work         ;
;    |HexDriver:HexAU|                      ; 7 (7)               ; 0 (0)                     ; 0           ; 0          ; 0            ; 0       ; 0         ; 0    ; 0            ; 0          ; |Multiplier_8_bit|HexDriver:HexAU                                                  ; HexDriver              ; work         ;
;    |HexDriver:HexBL|                      ; 7 (7)               ; 0 (0)                     ; 0           ; 0          ; 0            ; 0       ; 0         ; 0    ; 0            ; 0          ; |Multiplier_8_bit|HexDriver:HexBL                                                  ; HexDriver              ; work         ;
;    |HexDriver:HexBU|                      ; 7 (7)               ; 0 (0)                     ; 0           ; 0          ; 0            ; 0       ; 0         ; 0    ; 0            ; 0          ; |Multiplier_8_bit|HexDriver:HexBU                                                  ; HexDriver              ; work         ;
;    |adder_subtractor_9_bit:Add_Sub_9_bit| ; 18 (1)              ; 0 (0)                     ; 0           ; 0          ; 0            ; 0       ; 0         ; 0    ; 0            ; 0          ; |Multiplier_8_bit|adder_subtractor_9_bit:Add_Sub_9_bit                             ; adder_subtractor_9_bit ; work         ;
;       |full_adder_1_bit:FA_1_bit_0|       ; 3 (3)               ; 0 (0)                     ; 0           ; 0          ; 0            ; 0       ; 0         ; 0    ; 0            ; 0          ; |Multiplier_8_bit|adder_subtractor_9_bit:Add_Sub_9_bit|full_adder_1_bit:FA_1_bit_0 ; full_adder_1_bit       ; work         ;
;       |full_adder_1_bit:FA_1_bit_1|       ; 2 (2)               ; 0 (0)                     ; 0           ; 0          ; 0            ; 0       ; 0         ; 0    ; 0            ; 0          ; |Multiplier_8_bit|adder_subtractor_9_bit:Add_Sub_9_bit|full_adder_1_bit:FA_1_bit_1 ; full_adder_1_bit       ; work         ;
;       |full_adder_1_bit:FA_1_bit_2|       ; 2 (2)               ; 0 (0)                     ; 0           ; 0          ; 0            ; 0       ; 0         ; 0    ; 0            ; 0          ; |Multiplier_8_bit|adder_subtractor_9_bit:Add_Sub_9_bit|full_adder_1_bit:FA_1_bit_2 ; full_adder_1_bit       ; work         ;
;       |full_adder_1_bit:FA_1_bit_3|       ; 2 (2)               ; 0 (0)                     ; 0           ; 0          ; 0            ; 0       ; 0         ; 0    ; 0            ; 0          ; |Multiplier_8_bit|adder_subtractor_9_bit:Add_Sub_9_bit|full_adder_1_bit:FA_1_bit_3 ; full_adder_1_bit       ; work         ;
;       |full_adder_1_bit:FA_1_bit_4|       ; 2 (2)               ; 0 (0)                     ; 0           ; 0          ; 0            ; 0       ; 0         ; 0    ; 0            ; 0          ; |Multiplier_8_bit|adder_subtractor_9_bit:Add_Sub_9_bit|full_adder_1_bit:FA_1_bit_4 ; full_adder_1_bit       ; work         ;
;       |full_adder_1_bit:FA_1_bit_5|       ; 2 (2)               ; 0 (0)                     ; 0           ; 0          ; 0            ; 0       ; 0         ; 0    ; 0            ; 0          ; |Multiplier_8_bit|adder_subtractor_9_bit:Add_Sub_9_bit|full_adder_1_bit:FA_1_bit_5 ; full_adder_1_bit       ; work         ;
;       |full_adder_1_bit:FA_1_bit_6|       ; 2 (2)               ; 0 (0)                     ; 0           ; 0          ; 0            ; 0       ; 0         ; 0    ; 0            ; 0          ; |Multiplier_8_bit|adder_subtractor_9_bit:Add_Sub_9_bit|full_adder_1_bit:FA_1_bit_6 ; full_adder_1_bit       ; work         ;
;       |full_adder_1_bit:FA_1_bit_7|       ; 1 (1)               ; 0 (0)                     ; 0           ; 0          ; 0            ; 0       ; 0         ; 0    ; 0            ; 0          ; |Multiplier_8_bit|adder_subtractor_9_bit:Add_Sub_9_bit|full_adder_1_bit:FA_1_bit_7 ; full_adder_1_bit       ; work         ;
;       |full_adder_1_bit:FA_1_bit_8|       ; 1 (1)               ; 0 (0)                     ; 0           ; 0          ; 0            ; 0       ; 0         ; 0    ; 0            ; 0          ; |Multiplier_8_bit|adder_subtractor_9_bit:Add_Sub_9_bit|full_adder_1_bit:FA_1_bit_8 ; full_adder_1_bit       ; work         ;
;    |control_unit:Control_Unit|            ; 16 (16)             ; 21 (21)                   ; 0           ; 0          ; 0            ; 0       ; 0         ; 0    ; 0            ; 0          ; |Multiplier_8_bit|control_unit:Control_Unit                                        ; control_unit           ; work         ;
;    |register_1_bit:Reg_X_1_bit|           ; 1 (1)               ; 1 (1)                     ; 0           ; 0          ; 0            ; 0       ; 0         ; 0    ; 0            ; 0          ; |Multiplier_8_bit|register_1_bit:Reg_X_1_bit                                       ; register_1_bit         ; work         ;
;    |register_8_bit:Reg_A_8_bit|           ; 10 (10)             ; 8 (8)                     ; 0           ; 0          ; 0            ; 0       ; 0         ; 0    ; 0            ; 0          ; |Multiplier_8_bit|register_8_bit:Reg_A_8_bit                                       ; register_8_bit         ; work         ;
;    |register_8_bit:Reg_B_8_bit|           ; 9 (9)               ; 8 (8)                     ; 0           ; 0          ; 0            ; 0       ; 0         ; 0    ; 0            ; 0          ; |Multiplier_8_bit|register_8_bit:Reg_B_8_bit                                       ; register_8_bit         ; work         ;
;    |sync:synchronizer0|                   ; 0 (0)               ; 1 (1)                     ; 0           ; 0          ; 0            ; 0       ; 0         ; 0    ; 0            ; 0          ; |Multiplier_8_bit|sync:synchronizer0                                               ; sync                   ; work         ;
;    |sync:synchronizer1|                   ; 1 (1)               ; 1 (1)                     ; 0           ; 0          ; 0            ; 0       ; 0         ; 0    ; 0            ; 0          ; |Multiplier_8_bit|sync:synchronizer1                                               ; sync                   ; work         ;
;    |sync:synchronizer2|                   ; 1 (1)               ; 1 (1)                     ; 0           ; 0          ; 0            ; 0       ; 0         ; 0    ; 0            ; 0          ; |Multiplier_8_bit|sync:synchronizer2                                               ; sync                   ; work         ;
+-------------------------------------------+---------------------+---------------------------+-------------+------------+--------------+---------+-----------+------+--------------+------------+------------------------------------------------------------------------------------+------------------------+--------------+
Note: For table entries with two numbers listed, the numbers in parentheses indicate the number of resources of the given type used by the specific entity alone. The numbers listed outside of parentheses indicate the total resources of the given type used by the specific entity and all of its sub-entities in the hierarchy.


Encoding Type:  One-Hot
+---------------------------------------------------------------------------------------------------------------------------------------------------------------------------------------------------------------------------------------------------------------------------------------------------------------------------------------------------------------------------------------------------------------------------------------------------------------------------------------------------------------------+
; State Machine - |Multiplier_8_bit|control_unit:Control_Unit|current_state                                                                                                                                                                                                                                                                                                                                                                                                                                           ;
+-----------------------+-----------------------+---------------------+--------------------+-----------------------+---------------------+-----------------------+---------------------+-----------------------+---------------------+-----------------------+---------------------+-----------------------+---------------------+-----------------------+---------------------+-----------------------+---------------------+-----------------------+---------------------+--------------------+---------------------+
; Name                  ; current_state.restart ; current_state.check ; current_state.hold ; current_state.shift_7 ; current_state.add_7 ; current_state.shift_6 ; current_state.add_6 ; current_state.shift_5 ; current_state.add_5 ; current_state.shift_4 ; current_state.add_4 ; current_state.shift_3 ; current_state.add_3 ; current_state.shift_2 ; current_state.add_2 ; current_state.shift_1 ; current_state.add_1 ; current_state.shift_0 ; current_state.add_0 ; current_state.load ; current_state.start ;
+-----------------------+-----------------------+---------------------+--------------------+-----------------------+---------------------+-----------------------+---------------------+-----------------------+---------------------+-----------------------+---------------------+-----------------------+---------------------+-----------------------+---------------------+-----------------------+---------------------+-----------------------+---------------------+--------------------+---------------------+
; current_state.start   ; 0                     ; 0                   ; 0                  ; 0                     ; 0                   ; 0                     ; 0                   ; 0                     ; 0                   ; 0                     ; 0                   ; 0                     ; 0                   ; 0                     ; 0                   ; 0                     ; 0                   ; 0                     ; 0                   ; 0                  ; 0                   ;
; current_state.load    ; 0                     ; 0                   ; 0                  ; 0                     ; 0                   ; 0                     ; 0                   ; 0                     ; 0                   ; 0                     ; 0                   ; 0                     ; 0                   ; 0                     ; 0                   ; 0                     ; 0                   ; 0                     ; 0                   ; 1                  ; 1                   ;
; current_state.add_0   ; 0                     ; 0                   ; 0                  ; 0                     ; 0                   ; 0                     ; 0                   ; 0                     ; 0                   ; 0                     ; 0                   ; 0                     ; 0                   ; 0                     ; 0                   ; 0                     ; 0                   ; 0                     ; 1                   ; 0                  ; 1                   ;
; current_state.shift_0 ; 0                     ; 0                   ; 0                  ; 0                     ; 0                   ; 0                     ; 0                   ; 0                     ; 0                   ; 0                     ; 0                   ; 0                     ; 0                   ; 0                     ; 0                   ; 0                     ; 0                   ; 1                     ; 0                   ; 0                  ; 1                   ;
; current_state.add_1   ; 0                     ; 0                   ; 0                  ; 0                     ; 0                   ; 0                     ; 0                   ; 0                     ; 0                   ; 0                     ; 0                   ; 0                     ; 0                   ; 0                     ; 0                   ; 0                     ; 1                   ; 0                     ; 0                   ; 0                  ; 1                   ;
; current_state.shift_1 ; 0                     ; 0                   ; 0                  ; 0                     ; 0                   ; 0                     ; 0                   ; 0                     ; 0                   ; 0                     ; 0                   ; 0                     ; 0                   ; 0                     ; 0                   ; 1                     ; 0                   ; 0                     ; 0                   ; 0                  ; 1                   ;
; current_state.add_2   ; 0                     ; 0                   ; 0                  ; 0                     ; 0                   ; 0                     ; 0                   ; 0                     ; 0                   ; 0                     ; 0                   ; 0                     ; 0                   ; 0                     ; 1                   ; 0                     ; 0                   ; 0                     ; 0                   ; 0                  ; 1                   ;
; current_state.shift_2 ; 0                     ; 0                   ; 0                  ; 0                     ; 0                   ; 0                     ; 0                   ; 0                     ; 0                   ; 0                     ; 0                   ; 0                     ; 0                   ; 1                     ; 0                   ; 0                     ; 0                   ; 0                     ; 0                   ; 0                  ; 1                   ;
; current_state.add_3   ; 0                     ; 0                   ; 0                  ; 0                     ; 0                   ; 0                     ; 0                   ; 0                     ; 0                   ; 0                     ; 0                   ; 0                     ; 1                   ; 0                     ; 0                   ; 0                     ; 0                   ; 0                     ; 0                   ; 0                  ; 1                   ;
; current_state.shift_3 ; 0                     ; 0                   ; 0                  ; 0                     ; 0                   ; 0                     ; 0                   ; 0                     ; 0                   ; 0                     ; 0                   ; 1                     ; 0                   ; 0                     ; 0                   ; 0                     ; 0                   ; 0                     ; 0                   ; 0                  ; 1                   ;
; current_state.add_4   ; 0                     ; 0                   ; 0                  ; 0                     ; 0                   ; 0                     ; 0                   ; 0                     ; 0                   ; 0                     ; 1                   ; 0                     ; 0                   ; 0                     ; 0                   ; 0                     ; 0                   ; 0                     ; 0                   ; 0                  ; 1                   ;
; current_state.shift_4 ; 0                     ; 0                   ; 0                  ; 0                     ; 0                   ; 0                     ; 0                   ; 0                     ; 0                   ; 1                     ; 0                   ; 0                     ; 0                   ; 0                     ; 0                   ; 0                     ; 0                   ; 0                     ; 0                   ; 0                  ; 1                   ;
; current_state.add_5   ; 0                     ; 0                   ; 0                  ; 0                     ; 0                   ; 0                     ; 0                   ; 0                     ; 1                   ; 0                     ; 0                   ; 0                     ; 0                   ; 0                     ; 0                   ; 0                     ; 0                   ; 0                     ; 0                   ; 0                  ; 1                   ;
; current_state.shift_5 ; 0                     ; 0                   ; 0                  ; 0                     ; 0                   ; 0                     ; 0                   ; 1                     ; 0                   ; 0                     ; 0                   ; 0                     ; 0                   ; 0                     ; 0                   ; 0                     ; 0                   ; 0                     ; 0                   ; 0                  ; 1                   ;
; current_state.add_6   ; 0                     ; 0                   ; 0                  ; 0                     ; 0                   ; 0                     ; 1                   ; 0                     ; 0                   ; 0                     ; 0                   ; 0                     ; 0                   ; 0                     ; 0                   ; 0                     ; 0                   ; 0                     ; 0                   ; 0                  ; 1                   ;
; current_state.shift_6 ; 0                     ; 0                   ; 0                  ; 0                     ; 0                   ; 1                     ; 0                   ; 0                     ; 0                   ; 0                     ; 0                   ; 0                     ; 0                   ; 0                     ; 0                   ; 0                     ; 0                   ; 0                     ; 0                   ; 0                  ; 1                   ;
; current_state.add_7   ; 0                     ; 0                   ; 0                  ; 0                     ; 1                   ; 0                     ; 0                   ; 0                     ; 0                   ; 0                     ; 0                   ; 0                     ; 0                   ; 0                     ; 0                   ; 0                     ; 0                   ; 0                     ; 0                   ; 0                  ; 1                   ;
; current_state.shift_7 ; 0                     ; 0                   ; 0                  ; 1                     ; 0                   ; 0                     ; 0                   ; 0                     ; 0                   ; 0                     ; 0                   ; 0                     ; 0                   ; 0                     ; 0                   ; 0                     ; 0                   ; 0                     ; 0                   ; 0                  ; 1                   ;
; current_state.hold    ; 0                     ; 0                   ; 1                  ; 0                     ; 0                   ; 0                     ; 0                   ; 0                     ; 0                   ; 0                     ; 0                   ; 0                     ; 0                   ; 0                     ; 0                   ; 0                     ; 0                   ; 0                     ; 0                   ; 0                  ; 1                   ;
; current_state.check   ; 0                     ; 1                   ; 0                  ; 0                     ; 0                   ; 0                     ; 0                   ; 0                     ; 0                   ; 0                     ; 0                   ; 0                     ; 0                   ; 0                     ; 0                   ; 0                     ; 0                   ; 0                     ; 0                   ; 0                  ; 1                   ;
; current_state.restart ; 1                     ; 0                   ; 0                  ; 0                     ; 0                   ; 0                     ; 0                   ; 0                     ; 0                   ; 0                     ; 0                   ; 0                     ; 0                   ; 0                     ; 0                   ; 0                     ; 0                   ; 0                     ; 0                   ; 0                  ; 1                   ;
+-----------------------+-----------------------+---------------------+--------------------+-----------------------+---------------------+-----------------------+---------------------+-----------------------+---------------------+-----------------------+---------------------+-----------------------+---------------------+-----------------------+---------------------+-----------------------+---------------------+-----------------------+---------------------+--------------------+---------------------+


+----------------------------------------------------------------+
; Registers Removed During Synthesis                             ;
+-------------------------------------------+--------------------+
; Register name                             ; Reason for Removal ;
+-------------------------------------------+--------------------+
; control_unit:Control_Unit|current_state~4 ; Lost fanout        ;
; control_unit:Control_Unit|current_state~5 ; Lost fanout        ;
; control_unit:Control_Unit|current_state~6 ; Lost fanout        ;
; control_unit:Control_Unit|current_state~7 ; Lost fanout        ;
; control_unit:Control_Unit|current_state~8 ; Lost fanout        ;
; Total Number of Removed Registers = 5     ;                    ;
+-------------------------------------------+--------------------+


+------------------------------------------------------+
; General Register Statistics                          ;
+----------------------------------------------+-------+
; Statistic                                    ; Value ;
+----------------------------------------------+-------+
; Total registers                              ; 41    ;
; Number of registers using Synchronous Clear  ; 0     ;
; Number of registers using Synchronous Load   ; 0     ;
; Number of registers using Asynchronous Clear ; 22    ;
; Number of registers using Asynchronous Load  ; 0     ;
; Number of registers using Clock Enable       ; 16    ;
; Number of registers using Preset             ; 0     ;
+----------------------------------------------+-------+


+------------------------------------------------------------------------------------------------------------------------------------------------------------------------+
; Multiplexer Restructuring Statistics (Restructuring Performed)                                                                                                         ;
+--------------------+-----------+---------------+----------------------+------------------------+------------+----------------------------------------------------------+
; Multiplexer Inputs ; Bus Width ; Baseline Area ; Area if Restructured ; Saving if Restructured ; Registered ; Example Multiplexer Output                               ;
+--------------------+-----------+---------------+----------------------+------------------------+------------+----------------------------------------------------------+
; 4:1                ; 8 bits    ; 16 LEs        ; 16 LEs               ; 0 LEs                  ; Yes        ; |Multiplier_8_bit|register_8_bit:Reg_B_8_bit|Data_Out[2] ;
; 4:1                ; 8 bits    ; 16 LEs        ; 16 LEs               ; 0 LEs                  ; Yes        ; |Multiplier_8_bit|register_8_bit:Reg_A_8_bit|Data_Out[4] ;
; 6:1                ; 2 bits    ; 8 LEs         ; 6 LEs                ; 2 LEs                  ; No         ; |Multiplier_8_bit|control_unit:Control_Unit|Selector1    ;
+--------------------+-----------+---------------+----------------------+------------------------+------------+----------------------------------------------------------+


+----------------------------------------------------------------------------------------------+
; Port Connectivity Checks: "adder_subtractor_9_bit:Add_Sub_9_bit|full_adder_1_bit:FA_1_bit_8" ;
+------+--------+----------+-------------------------------------------------------------------+
; Port ; Type   ; Severity ; Details                                                           ;
+------+--------+----------+-------------------------------------------------------------------+
; Cout ; Output ; Info     ; Explicitly unconnected                                            ;
+------+--------+----------+-------------------------------------------------------------------+


+------------------------------------------------------------------+
; Port Connectivity Checks: "adder_subtractor_9_bit:Add_Sub_9_bit" ;
+------+--------+----------+---------------------------------------+
; Port ; Type   ; Severity ; Details                               ;
+------+--------+----------+---------------------------------------+
; Cout ; Output ; Info     ; Explicitly unconnected                ;
+------+--------+----------+---------------------------------------+


+-----------------------------------------------------+
; Post-Synthesis Netlist Statistics for Top Partition ;
+-----------------------+-----------------------------+
; Type                  ; Count                       ;
+-----------------------+-----------------------------+
; boundary_port         ; 57                          ;
; cycloneiii_ff         ; 41                          ;
;     CLR               ; 22                          ;
;     ENA               ; 16                          ;
;     plain             ; 3                           ;
; cycloneiii_lcell_comb ; 90                          ;
;     normal            ; 90                          ;
;         0 data inputs ; 1                           ;
;         1 data inputs ; 6                           ;
;         2 data inputs ; 4                           ;
;         3 data inputs ; 5                           ;
;         4 data inputs ; 74                          ;
;                       ;                             ;
; Max LUT depth         ; 9.00                        ;
; Average LUT depth     ; 3.23                        ;
+-----------------------+-----------------------------+


+-------------------------------+
; Elapsed Time Per Partition    ;
+----------------+--------------+
; Partition Name ; Elapsed Time ;
+----------------+--------------+
; Top            ; 00:00:00     ;
+----------------+--------------+


+-------------------------------+
; Analysis & Synthesis Messages ;
+-------------------------------+
Info: *******************************************************************
Info: Running Quartus Prime Analysis & Synthesis
    Info: Version 20.1.1 Build 720 11/11/2020 SJ Lite Edition
    Info: Processing started: Sun Jul 11 01:39:41 2021
Info: Command: quartus_map --read_settings_files=on --write_settings_files=off 8-bit_Multiplier -c 8-bit_Multiplier
Warning (18236): Number of processors has not been specified which may cause overloading on shared machines.  Set the global assignment NUM_PARALLEL_PROCESSORS in your QSF to an appropriate value for best performance.
Info (20030): Parallel compilation is enabled and will use 2 of the 2 processors detected
Info (12021): Found 3 design units, including 3 entities, in source file synchronizers.sv
    Info (12023): Found entity 1: sync File: C:/Users/Marco Reus/Documents/ECE385/8-bit_Multiplier/Synchronizers.sv Line: 4
    Info (12023): Found entity 2: sync_r0 File: C:/Users/Marco Reus/Documents/ECE385/8-bit_Multiplier/Synchronizers.sv Line: 18
    Info (12023): Found entity 3: sync_r1 File: C:/Users/Marco Reus/Documents/ECE385/8-bit_Multiplier/Synchronizers.sv Line: 39
Info (12021): Found 1 design units, including 1 entities, in source file multiplier_8_bit.sv
    Info (12023): Found entity 1: Multiplier_8_bit File: C:/Users/Marco Reus/Documents/ECE385/8-bit_Multiplier/Multiplier_8_bit.sv Line: 1
Info (12021): Found 1 design units, including 1 entities, in source file hexdriver.sv
    Info (12023): Found entity 1: HexDriver File: C:/Users/Marco Reus/Documents/ECE385/8-bit_Multiplier/HexDriver.sv Line: 1
Info (12021): Found 1 design units, including 1 entities, in source file control_unit.sv
    Info (12023): Found entity 1: control_unit File: C:/Users/Marco Reus/Documents/ECE385/8-bit_Multiplier/Control_Unit.sv Line: 1
Info (12021): Found 1 design units, including 1 entities, in source file 9-bit_adder_subtractor.sv
    Info (12023): Found entity 1: adder_subtractor_9_bit File: C:/Users/Marco Reus/Documents/ECE385/8-bit_Multiplier/9-bit_Adder_Subtractor.sv Line: 1
Info (12021): Found 1 design units, including 1 entities, in source file 8-bit_register.sv
    Info (12023): Found entity 1: register_8_bit File: C:/Users/Marco Reus/Documents/ECE385/8-bit_Multiplier/8-bit_Register.sv Line: 1
Info (12021): Found 1 design units, including 1 entities, in source file 8-bit_multiplier_testbench.sv
    Info (12023): Found entity 1: multiplier_8_bit_testbench File: C:/Users/Marco Reus/Documents/ECE385/8-bit_Multiplier/8-bit_Multiplier_testbench.sv Line: 1
Info (12021): Found 1 design units, including 1 entities, in source file 1-bit_register.sv
    Info (12023): Found entity 1: register_1_bit File: C:/Users/Marco Reus/Documents/ECE385/8-bit_Multiplier/1-bit_Register.sv Line: 1
Info (12021): Found 1 design units, including 1 entities, in source file 1-bit_full_adder.sv
    Info (12023): Found entity 1: full_adder_1_bit File: C:/Users/Marco Reus/Documents/ECE385/8-bit_Multiplier/1-bit_Full_Adder.sv Line: 1
Info (12127): Elaborating entity "Multiplier_8_bit" for the top level hierarchy
Warning (10034): Output port "X" at Multiplier_8_bit.sv(7) has no driver File: C:/Users/Marco Reus/Documents/ECE385/8-bit_Multiplier/Multiplier_8_bit.sv Line: 7
Info (12128): Elaborating entity "sync" for hierarchy "sync:synchronizer0" File: C:/Users/Marco Reus/Documents/ECE385/8-bit_Multiplier/Multiplier_8_bit.sv Line: 23
Info (12128): Elaborating entity "register_1_bit" for hierarchy "register_1_bit:Reg_X_1_bit" File: C:/Users/Marco Reus/Documents/ECE385/8-bit_Multiplier/Multiplier_8_bit.sv Line: 31
Critical Warning (10237): Verilog HDL warning at 1-bit_Register.sv(8): can't infer register for assignment in edge-triggered always construct because the clock isn't obvious. Generated combinational logic instead File: C:/Users/Marco Reus/Documents/ECE385/8-bit_Multiplier/1-bit_Register.sv Line: 8
Info (12128): Elaborating entity "register_8_bit" for hierarchy "register_8_bit:Reg_A_8_bit" File: C:/Users/Marco Reus/Documents/ECE385/8-bit_Multiplier/Multiplier_8_bit.sv Line: 40
Info (12128): Elaborating entity "adder_subtractor_9_bit" for hierarchy "adder_subtractor_9_bit:Add_Sub_9_bit" File: C:/Users/Marco Reus/Documents/ECE385/8-bit_Multiplier/Multiplier_8_bit.sv Line: 55
Warning (10034): Output port "Cout" at 9-bit_Adder_Subtractor.sv(6) has no driver File: C:/Users/Marco Reus/Documents/ECE385/8-bit_Multiplier/9-bit_Adder_Subtractor.sv Line: 6
Info (12128): Elaborating entity "full_adder_1_bit" for hierarchy "adder_subtractor_9_bit:Add_Sub_9_bit|full_adder_1_bit:FA_1_bit_0" File: C:/Users/Marco Reus/Documents/ECE385/8-bit_Multiplier/9-bit_Adder_Subtractor.sv Line: 15
Info (12128): Elaborating entity "control_unit" for hierarchy "control_unit:Control_Unit" File: C:/Users/Marco Reus/Documents/ECE385/8-bit_Multiplier/Multiplier_8_bit.sv Line: 66
Info (12128): Elaborating entity "HexDriver" for hierarchy "HexDriver:HexBL" File: C:/Users/Marco Reus/Documents/ECE385/8-bit_Multiplier/Multiplier_8_bit.sv Line: 68
Warning (13024): Output pins are stuck at VCC or GND
    Warning (13410): Pin "X" is stuck at GND File: C:/Users/Marco Reus/Documents/ECE385/8-bit_Multiplier/Multiplier_8_bit.sv Line: 7
Info (286030): Timing-Driven Synthesis is running
Info (17049): 5 registers lost all their fanouts during netlist optimizations.
Info (144001): Generated suppressed messages file C:/Users/Marco Reus/Documents/ECE385/8-bit_Multiplier/output_files/8-bit_Multiplier.map.smsg
Info (16010): Generating hard_block partition "hard_block:auto_generated_inst"
    Info (16011): Adding 0 node(s), including 0 DDIO, 0 PLL, 0 transceiver and 0 LCELL
Info (21057): Implemented 158 device resources after synthesis - the final resource count might be different
    Info (21058): Implemented 12 input pins
    Info (21059): Implemented 45 output pins
    Info (21061): Implemented 101 logic cells
Info: Quartus Prime Analysis & Synthesis was successful. 0 errors, 6 warnings
    Info: Peak virtual memory: 4740 megabytes
    Info: Processing ended: Sun Jul 11 01:39:55 2021
    Info: Elapsed time: 00:00:14
    Info: Total CPU time (on all processors): 00:00:19


+------------------------------------------+
; Analysis & Synthesis Suppressed Messages ;
+------------------------------------------+
The suppressed messages can be found in C:/Users/Marco Reus/Documents/ECE385/8-bit_Multiplier/output_files/8-bit_Multiplier.map.smsg.


