Analysis & Synthesis report for 4-bit_logic_processor_schematic
Tue Jul 06 14:50:16 2021
Quartus Prime Version 20.1.1 Build 720 11/11/2020 SJ Lite Edition


---------------------
; Table of Contents ;
---------------------
  1. Legal Notice
  2. Analysis & Synthesis Summary
  3. Analysis & Synthesis Settings
  4. Parallel Compilation
  5. Analysis & Synthesis Source Files Read
  6. Analysis & Synthesis Resource Usage Summary
  7. Analysis & Synthesis Resource Utilization by Entity
  8. General Register Statistics
  9. Parameter Settings for User Entity Instance: 74163:Counter
 10. Post-Synthesis Netlist Statistics for Top Partition
 11. Elapsed Time Per Partition
 12. Analysis & Synthesis Messages



----------------
; Legal Notice ;
----------------
Copyright (C) 2020  Intel Corporation. All rights reserved.
Your use of Intel Corporation's design tools, logic functions 
and other software and tools, and any partner logic 
functions, and any output files from any of the foregoing 
(including device programming or simulation files), and any 
associated documentation or information are expressly subject 
to the terms and conditions of the Intel Program License 
Subscription Agreement, the Intel Quartus Prime License Agreement,
the Intel FPGA IP License Agreement, or other applicable license
agreement, including, without limitation, that your use is for
the sole purpose of programming logic devices manufactured by
Intel and sold by Intel or its authorized distributors.  Please
refer to the applicable agreement for further details, at
https://fpgasoftware.intel.com/eula.



+----------------------------------------------------------------------------------+
; Analysis & Synthesis Summary                                                     ;
+------------------------------------+---------------------------------------------+
; Analysis & Synthesis Status        ; Successful - Tue Jul 06 14:50:16 2021       ;
; Quartus Prime Version              ; 20.1.1 Build 720 11/11/2020 SJ Lite Edition ;
; Revision Name                      ; 4-bit_logic_processor_schematic             ;
; Top-level Entity Name              ; logic_processor_4_bit_schematic             ;
; Family                             ; MAX 10                                      ;
; Total logic elements               ; 36                                          ;
;     Total combinational functions  ; 36                                          ;
;     Dedicated logic registers      ; 11                                          ;
; Total registers                    ; 11                                          ;
; Total pins                         ; 29                                          ;
; Total virtual pins                 ; 0                                           ;
; Total memory bits                  ; 0                                           ;
; Embedded Multiplier 9-bit elements ; 0                                           ;
; Total PLLs                         ; 0                                           ;
; UFM blocks                         ; 0                                           ;
; ADC blocks                         ; 0                                           ;
+------------------------------------+---------------------------------------------+


+--------------------------------------------------------------------------------------------------------------------------------------+
; Analysis & Synthesis Settings                                                                                                        ;
+------------------------------------------------------------------+---------------------------------+---------------------------------+
; Option                                                           ; Setting                         ; Default Value                   ;
+------------------------------------------------------------------+---------------------------------+---------------------------------+
; Device                                                           ; 10M50DAF484C7G                  ;                                 ;
; Top-level entity name                                            ; logic_processor_4_bit_schematic ; 4-bit_logic_processor_schematic ;
; Family name                                                      ; MAX 10                          ; Cyclone V                       ;
; Use smart compilation                                            ; Off                             ; Off                             ;
; Enable parallel Assembler and Timing Analyzer during compilation ; On                              ; On                              ;
; Enable compact report table                                      ; Off                             ; Off                             ;
; Restructure Multiplexers                                         ; Auto                            ; Auto                            ;
; Create Debugging Nodes for IP Cores                              ; Off                             ; Off                             ;
; Preserve fewer node names                                        ; On                              ; On                              ;
; Intel FPGA IP Evaluation Mode                                    ; Enable                          ; Enable                          ;
; Verilog Version                                                  ; Verilog_2001                    ; Verilog_2001                    ;
; VHDL Version                                                     ; VHDL_1993                       ; VHDL_1993                       ;
; State Machine Processing                                         ; Auto                            ; Auto                            ;
; Safe State Machine                                               ; Off                             ; Off                             ;
; Extract Verilog State Machines                                   ; On                              ; On                              ;
; Extract VHDL State Machines                                      ; On                              ; On                              ;
; Ignore Verilog initial constructs                                ; Off                             ; Off                             ;
; Iteration limit for constant Verilog loops                       ; 5000                            ; 5000                            ;
; Iteration limit for non-constant Verilog loops                   ; 250                             ; 250                             ;
; Add Pass-Through Logic to Inferred RAMs                          ; On                              ; On                              ;
; Infer RAMs from Raw Logic                                        ; On                              ; On                              ;
; Parallel Synthesis                                               ; On                              ; On                              ;
; DSP Block Balancing                                              ; Auto                            ; Auto                            ;
; NOT Gate Push-Back                                               ; On                              ; On                              ;
; Power-Up Don't Care                                              ; On                              ; On                              ;
; Remove Redundant Logic Cells                                     ; Off                             ; Off                             ;
; Remove Duplicate Registers                                       ; On                              ; On                              ;
; Ignore CARRY Buffers                                             ; Off                             ; Off                             ;
; Ignore CASCADE Buffers                                           ; Off                             ; Off                             ;
; Ignore GLOBAL Buffers                                            ; Off                             ; Off                             ;
; Ignore ROW GLOBAL Buffers                                        ; Off                             ; Off                             ;
; Ignore LCELL Buffers                                             ; Off                             ; Off                             ;
; Ignore SOFT Buffers                                              ; On                              ; On                              ;
; Limit AHDL Integers to 32 Bits                                   ; Off                             ; Off                             ;
; Optimization Technique                                           ; Balanced                        ; Balanced                        ;
; Carry Chain Length                                               ; 70                              ; 70                              ;
; Auto Carry Chains                                                ; On                              ; On                              ;
; Auto Open-Drain Pins                                             ; On                              ; On                              ;
; Perform WYSIWYG Primitive Resynthesis                            ; Off                             ; Off                             ;
; Auto ROM Replacement                                             ; On                              ; On                              ;
; Auto RAM Replacement                                             ; On                              ; On                              ;
; Auto DSP Block Replacement                                       ; On                              ; On                              ;
; Auto Shift Register Replacement                                  ; Auto                            ; Auto                            ;
; Allow Shift Register Merging across Hierarchies                  ; Auto                            ; Auto                            ;
; Auto Clock Enable Replacement                                    ; On                              ; On                              ;
; Strict RAM Replacement                                           ; Off                             ; Off                             ;
; Allow Synchronous Control Signals                                ; On                              ; On                              ;
; Force Use of Synchronous Clear Signals                           ; Off                             ; Off                             ;
; Auto RAM Block Balancing                                         ; On                              ; On                              ;
; Auto RAM to Logic Cell Conversion                                ; Off                             ; Off                             ;
; Auto Resource Sharing                                            ; Off                             ; Off                             ;
; Allow Any RAM Size For Recognition                               ; Off                             ; Off                             ;
; Allow Any ROM Size For Recognition                               ; Off                             ; Off                             ;
; Allow Any Shift Register Size For Recognition                    ; Off                             ; Off                             ;
; Use LogicLock Constraints during Resource Balancing              ; On                              ; On                              ;
; Ignore translate_off and synthesis_off directives                ; Off                             ; Off                             ;
; Timing-Driven Synthesis                                          ; On                              ; On                              ;
; Report Parameter Settings                                        ; On                              ; On                              ;
; Report Source Assignments                                        ; On                              ; On                              ;
; Report Connectivity Checks                                       ; On                              ; On                              ;
; Ignore Maximum Fan-Out Assignments                               ; Off                             ; Off                             ;
; Synchronization Register Chain Length                            ; 2                               ; 2                               ;
; Power Optimization During Synthesis                              ; Normal compilation              ; Normal compilation              ;
; HDL message level                                                ; Level2                          ; Level2                          ;
; Suppress Register Optimization Related Messages                  ; Off                             ; Off                             ;
; Number of Removed Registers Reported in Synthesis Report         ; 5000                            ; 5000                            ;
; Number of Swept Nodes Reported in Synthesis Report               ; 5000                            ; 5000                            ;
; Number of Inverted Registers Reported in Synthesis Report        ; 100                             ; 100                             ;
; Clock MUX Protection                                             ; On                              ; On                              ;
; Auto Gated Clock Conversion                                      ; Off                             ; Off                             ;
; Block Design Naming                                              ; Auto                            ; Auto                            ;
; SDC constraint protection                                        ; Off                             ; Off                             ;
; Synthesis Effort                                                 ; Auto                            ; Auto                            ;
; Shift Register Replacement - Allow Asynchronous Clear Signal     ; On                              ; On                              ;
; Pre-Mapping Resynthesis Optimization                             ; Off                             ; Off                             ;
; Analysis & Synthesis Message Level                               ; Medium                          ; Medium                          ;
; Disable Register Merging Across Hierarchies                      ; Auto                            ; Auto                            ;
; Resource Aware Inference For Block RAM                           ; On                              ; On                              ;
+------------------------------------------------------------------+---------------------------------+---------------------------------+


+------------------------------------------+
; Parallel Compilation                     ;
+----------------------------+-------------+
; Processors                 ; Number      ;
+----------------------------+-------------+
; Number detected on machine ; 2           ;
; Maximum allowed            ; 2           ;
;                            ;             ;
; Average used               ; 1.00        ;
; Maximum used               ; 2           ;
;                            ;             ;
; Usage by Processor         ; % Time Used ;
;     Processor 1            ; 100.0%      ;
;     Processor 2            ;   0.0%      ;
+----------------------------+-------------+


+-----------------------------------------------------------------------------------------------------------------------------------------------------------------------------------------------------------------+
; Analysis & Synthesis Source Files Read                                                                                                                                                                          ;
+-------------------------------------+-----------------+------------------------------------+----------------------------------------------------------------------------------------------------------+---------+
; File Name with User-Entered Path    ; Used in Netlist ; File Type                          ; File Name with Absolute Path                                                                             ; Library ;
+-------------------------------------+-----------------+------------------------------------+----------------------------------------------------------------------------------------------------------+---------+
; logic_processor_4_bit_schematic.bdf ; yes             ; User Block Diagram/Schematic File  ; C:/Users/Marco Reus/Documents/ECE385/4-bit_logic_processor_schematic/logic_processor_4_bit_schematic.bdf ;         ;
; 74194.bdf                           ; yes             ; Megafunction                       ; c:/intelfpga_lite/20.1/quartus/libraries/others/maxplus2/74194.bdf                                       ;         ;
; 74153.bdf                           ; yes             ; Megafunction                       ; c:/intelfpga_lite/20.1/quartus/libraries/others/maxplus2/74153.bdf                                       ;         ;
; 7402.bdf                            ; yes             ; Megafunction                       ; c:/intelfpga_lite/20.1/quartus/libraries/others/maxplus2/7402.bdf                                        ;         ;
; 7486.bdf                            ; yes             ; Megafunction                       ; c:/intelfpga_lite/20.1/quartus/libraries/others/maxplus2/7486.bdf                                        ;         ;
; 7410.bdf                            ; yes             ; Megafunction                       ; c:/intelfpga_lite/20.1/quartus/libraries/others/maxplus2/7410.bdf                                        ;         ;
; 7400.bdf                            ; yes             ; Megafunction                       ; c:/intelfpga_lite/20.1/quartus/libraries/others/maxplus2/7400.bdf                                        ;         ;
; 7474.bdf                            ; yes             ; Megafunction                       ; c:/intelfpga_lite/20.1/quartus/libraries/others/maxplus2/7474.bdf                                        ;         ;
; 74163.tdf                           ; yes             ; Megafunction                       ; c:/intelfpga_lite/20.1/quartus/libraries/others/maxplus2/74163.tdf                                       ;         ;
; aglobal.inc                         ; yes             ; Megafunction                       ; c:/intelfpga_lite/20.1/quartus/libraries/megafunctions/aglobal.inc                                       ;         ;
; f74163.bdf                          ; yes             ; Megafunction                       ; c:/intelfpga_lite/20.1/quartus/libraries/others/maxplus2/f74163.bdf                                      ;         ;
+-------------------------------------+-----------------+------------------------------------+----------------------------------------------------------------------------------------------------------+---------+


+--------------------------------------------------------------+
; Analysis & Synthesis Resource Usage Summary                  ;
+---------------------------------------------+----------------+
; Resource                                    ; Usage          ;
+---------------------------------------------+----------------+
; Estimated Total logic elements              ; 36             ;
;                                             ;                ;
; Total combinational functions               ; 36             ;
; Logic element usage by number of LUT inputs ;                ;
;     -- 4 input functions                    ; 28             ;
;     -- 3 input functions                    ; 5              ;
;     -- <=2 input functions                  ; 3              ;
;                                             ;                ;
; Logic elements by mode                      ;                ;
;     -- normal mode                          ; 36             ;
;     -- arithmetic mode                      ; 0              ;
;                                             ;                ;
; Total registers                             ; 11             ;
;     -- Dedicated logic registers            ; 11             ;
;     -- I/O registers                        ; 0              ;
;                                             ;                ;
; I/O pins                                    ; 29             ;
;                                             ;                ;
; Embedded Multiplier 9-bit elements          ; 0              ;
;                                             ;                ;
; Maximum fan-out node                        ; 7410:Shift|5~0 ;
; Maximum fan-out                             ; 12             ;
; Total fan-out                               ; 201            ;
; Average fan-out                             ; 1.91           ;
+---------------------------------------------+----------------+


+---------------------------------------------------------------------------------------------------------------------------------------------------------------------------------------------------------------------------------------------------------------------------------------------------------+
; Analysis & Synthesis Resource Utilization by Entity                                                                                                                                                                                                                                                     ;
+-----------------------------------+---------------------+---------------------------+-------------+------------+--------------+---------+-----------+------+--------------+------------+---------------------------------------------------------------+---------------------------------+--------------+
; Compilation Hierarchy Node        ; Combinational ALUTs ; Dedicated Logic Registers ; Memory Bits ; UFM Blocks ; DSP Elements ; DSP 9x9 ; DSP 18x18 ; Pins ; Virtual Pins ; ADC blocks ; Full Hierarchy Name                                           ; Entity Name                     ; Library Name ;
+-----------------------------------+---------------------+---------------------------+-------------+------------+--------------+---------+-----------+------+--------------+------------+---------------------------------------------------------------+---------------------------------+--------------+
; |logic_processor_4_bit_schematic  ; 36 (0)              ; 11 (0)                    ; 0           ; 0          ; 0            ; 0       ; 0         ; 29   ; 0            ; 0          ; |logic_processor_4_bit_schematic                              ; logic_processor_4_bit_schematic ; work         ;
;    |7402:Load_A_New|              ; 1 (1)               ; 0 (0)                     ; 0           ; 0          ; 0            ; 0       ; 0         ; 0    ; 0            ; 0          ; |logic_processor_4_bit_schematic|7402:Load_A_New              ; 7402                            ; work         ;
;    |7402:Load_B_New|              ; 1 (1)               ; 0 (0)                     ; 0           ; 0          ; 0            ; 0       ; 0         ; 0    ; 0            ; 0          ; |logic_processor_4_bit_schematic|7402:Load_B_New              ; 7402                            ; work         ;
;    |7410:Shift|                   ; 1 (1)               ; 0 (0)                     ; 0           ; 0          ; 0            ; 0       ; 0         ; 0    ; 0            ; 0          ; |logic_processor_4_bit_schematic|7410:Shift                   ; 7410                            ; work         ;
;    |74153:Computational_Unit_Mux| ; 3 (3)               ; 0 (0)                     ; 0           ; 0          ; 0            ; 0       ; 0         ; 0    ; 0            ; 0          ; |logic_processor_4_bit_schematic|74153:Computational_Unit_Mux ; 74153                           ; work         ;
;    |74163:Counter|                ; 2 (0)               ; 2 (0)                     ; 0           ; 0          ; 0            ; 0       ; 0         ; 0    ; 0            ; 0          ; |logic_processor_4_bit_schematic|74163:Counter                ; 74163                           ; work         ;
;       |f74163:sub|                ; 2 (2)               ; 2 (2)                     ; 0           ; 0          ; 0            ; 0       ; 0         ; 0    ; 0            ; 0          ; |logic_processor_4_bit_schematic|74163:Counter|f74163:sub     ; f74163                          ; work         ;
;    |74194:Reg_A|                  ; 11 (11)             ; 4 (4)                     ; 0           ; 0          ; 0            ; 0       ; 0         ; 0    ; 0            ; 0          ; |logic_processor_4_bit_schematic|74194:Reg_A                  ; 74194                           ; work         ;
;    |74194:Reg_B|                  ; 11 (11)             ; 4 (4)                     ; 0           ; 0          ; 0            ; 0       ; 0         ; 0    ; 0            ; 0          ; |logic_processor_4_bit_schematic|74194:Reg_B                  ; 74194                           ; work         ;
;    |7474:DFF|                     ; 4 (4)               ; 1 (1)                     ; 0           ; 0          ; 0            ; 0       ; 0         ; 0    ; 0            ; 0          ; |logic_processor_4_bit_schematic|7474:DFF                     ; 7474                            ; work         ;
;    |7486:Reg_A_S0|                ; 1 (1)               ; 0 (0)                     ; 0           ; 0          ; 0            ; 0       ; 0         ; 0    ; 0            ; 0          ; |logic_processor_4_bit_schematic|7486:Reg_A_S0                ; 7486                            ; work         ;
;    |7486:Reg_B_S0|                ; 1 (1)               ; 0 (0)                     ; 0           ; 0          ; 0            ; 0       ; 0         ; 0    ; 0            ; 0          ; |logic_processor_4_bit_schematic|7486:Reg_B_S0                ; 7486                            ; work         ;
+-----------------------------------+---------------------+---------------------------+-------------+------------+--------------+---------+-----------+------+--------------+------------+---------------------------------------------------------------+---------------------------------+--------------+
Note: For table entries with two numbers listed, the numbers in parentheses indicate the number of resources of the given type used by the specific entity alone. The numbers listed outside of parentheses indicate the total resources of the given type used by the specific entity and all of its sub-entities in the hierarchy.


+------------------------------------------------------+
; General Register Statistics                          ;
+----------------------------------------------+-------+
; Statistic                                    ; Value ;
+----------------------------------------------+-------+
; Total registers                              ; 11    ;
; Number of registers using Synchronous Clear  ; 0     ;
; Number of registers using Synchronous Load   ; 0     ;
; Number of registers using Asynchronous Clear ; 9     ;
; Number of registers using Asynchronous Load  ; 0     ;
; Number of registers using Clock Enable       ; 0     ;
; Number of registers using Preset             ; 0     ;
+----------------------------------------------+-------+


+------------------------------------------------------------+
; Parameter Settings for User Entity Instance: 74163:Counter ;
+------------------------+--------+--------------------------+
; Parameter Name         ; Value  ; Type                     ;
+------------------------+--------+--------------------------+
; DEVICE_FAMILY          ; MAX 10 ; Untyped                  ;
; AUTO_CARRY_CHAINS      ; ON     ; AUTO_CARRY               ;
; IGNORE_CARRY_BUFFERS   ; OFF    ; IGNORE_CARRY             ;
; AUTO_CASCADE_CHAINS    ; ON     ; AUTO_CASCADE             ;
; IGNORE_CASCADE_BUFFERS ; OFF    ; IGNORE_CASCADE           ;
+------------------------+--------+--------------------------+
Note: In order to hide this table in the UI and the text report file, please set the "Show Parameter Settings in Synthesis Report" option in "Analysis and Synthesis Settings -> More Settings" to "Off".


+-----------------------------------------------------+
; Post-Synthesis Netlist Statistics for Top Partition ;
+-----------------------+-----------------------------+
; Type                  ; Count                       ;
+-----------------------+-----------------------------+
; boundary_port         ; 29                          ;
; cycloneiii_ff         ; 11                          ;
;     CLR               ; 9                           ;
;     plain             ; 2                           ;
; cycloneiii_lcell_comb ; 36                          ;
;     normal            ; 36                          ;
;         2 data inputs ; 3                           ;
;         3 data inputs ; 5                           ;
;         4 data inputs ; 28                          ;
;                       ;                             ;
; Max LUT depth         ; 5.00                        ;
; Average LUT depth     ; 3.39                        ;
+-----------------------+-----------------------------+


+-------------------------------+
; Elapsed Time Per Partition    ;
+----------------+--------------+
; Partition Name ; Elapsed Time ;
+----------------+--------------+
; Top            ; 00:00:00     ;
+----------------+--------------+


+-------------------------------+
; Analysis & Synthesis Messages ;
+-------------------------------+
Info: *******************************************************************
Info: Running Quartus Prime Analysis & Synthesis
    Info: Version 20.1.1 Build 720 11/11/2020 SJ Lite Edition
    Info: Processing started: Tue Jul 06 14:50:05 2021
Info: Command: quartus_map --read_settings_files=on --write_settings_files=off 4-bit_logic_processor_schematic -c 4-bit_logic_processor_schematic
Warning (18236): Number of processors has not been specified which may cause overloading on shared machines.  Set the global assignment NUM_PARALLEL_PROCESSORS in your QSF to an appropriate value for best performance.
Info (20030): Parallel compilation is enabled and will use 2 of the 2 processors detected
Info (12021): Found 1 design units, including 1 entities, in source file logic_processor_4_bit_testbench.sv
    Info (12023): Found entity 1: logic_processor_4_bit_testbench File: C:/Users/Marco Reus/Documents/ECE385/4-bit_logic_processor_schematic/logic_processor_4_bit_testbench.sv Line: 1
Info (12021): Found 1 design units, including 1 entities, in source file logic_processor_4_bit_schematic.bdf
    Info (12023): Found entity 1: logic_processor_4_bit_schematic
Info (12021): Found 1 design units, including 1 entities, in source file 4-bit_logic_processor_schematic_control_unit.bdf
    Info (12023): Found entity 1: 4-bit_logic_processor_schematic_control_unit
Info (12021): Found 1 design units, including 1 entities, in source file 4-bit_logic_processor_schematic_register_unit.bdf
    Info (12023): Found entity 1: 4-bit_logic_processor_schematic_register_unit
Info (12021): Found 1 design units, including 1 entities, in source file 4-bit_logic_processor_schematic_computational_unit.bdf
    Info (12023): Found entity 1: 4-bit_logic_processor_schematic_computational_unit
Info (12021): Found 1 design units, including 1 entities, in source file 4-bit_logic_processor_schematic_routing_unit.bdf
    Info (12023): Found entity 1: 4-bit_logic_processor_schematic_routing_unit
Info (12127): Elaborating entity "logic_processor_4_bit_schematic" for the top level hierarchy
Info (12128): Elaborating entity "74194" for hierarchy "74194:Reg_A"
Info (12130): Elaborated megafunction instantiation "74194:Reg_A"
Info (12128): Elaborating entity "74153" for hierarchy "74153:Routing_Unit_Mux"
Info (12130): Elaborated megafunction instantiation "74153:Routing_Unit_Mux"
Info (12128): Elaborating entity "7402" for hierarchy "7402:Load_B_New"
Info (12130): Elaborated megafunction instantiation "7402:Load_B_New"
Info (12128): Elaborating entity "7486" for hierarchy "7486:Reg_B_S0"
Info (12130): Elaborated megafunction instantiation "7486:Reg_B_S0"
Info (12128): Elaborating entity "7410" for hierarchy "7410:Shift"
Info (12130): Elaborated megafunction instantiation "7410:Shift"
Info (12128): Elaborating entity "7400" for hierarchy "7400:E_NOT_Q"
Info (12130): Elaborated megafunction instantiation "7400:E_NOT_Q"
Info (12128): Elaborating entity "7474" for hierarchy "7474:DFF"
Info (12130): Elaborated megafunction instantiation "7474:DFF"
Info (12128): Elaborating entity "74163" for hierarchy "74163:Counter"
Info (12130): Elaborated megafunction instantiation "74163:Counter"
Info (12128): Elaborating entity "f74163" for hierarchy "74163:Counter|f74163:sub" File: c:/intelfpga_lite/20.1/quartus/libraries/others/maxplus2/74163.tdf Line: 33
Info (12131): Elaborated megafunction instantiation "74163:Counter|f74163:sub", which is child of megafunction instantiation "74163:Counter" File: c:/intelfpga_lite/20.1/quartus/libraries/others/maxplus2/74163.tdf Line: 33
Info (13014): Ignored 2 buffer(s)
    Info (13015): Ignored 2 CARRY buffer(s)
Warning (13004): Presettable and clearable registers converted to equivalent circuits with latches. Registers power-up to an undefined state, and DEVCLRn places the registers in an undefined state.
    Warning (13310): Register "7474:DFF|9" is converted into an equivalent circuit using register "7474:DFF|9~_emulated" and latch "7474:DFF|9~1"
Info (286030): Timing-Driven Synthesis is running
Info (16010): Generating hard_block partition "hard_block:auto_generated_inst"
    Info (16011): Adding 0 node(s), including 0 DDIO, 0 PLL, 0 transceiver and 0 LCELL
Info (21057): Implemented 65 device resources after synthesis - the final resource count might be different
    Info (21058): Implemented 21 input pins
    Info (21059): Implemented 8 output pins
    Info (21061): Implemented 36 logic cells
Info: Quartus Prime Analysis & Synthesis was successful. 0 errors, 3 warnings
    Info: Peak virtual memory: 4734 megabytes
    Info: Processing ended: Tue Jul 06 14:50:16 2021
    Info: Elapsed time: 00:00:11
    Info: Total CPU time (on all processors): 00:00:16


