Flow report for 4-bit_logic_processor
Tue Jul 06 14:42:33 2021
Quartus Prime Version 20.1.1 Build 720 11/11/2020 SJ Lite Edition


---------------------
; Table of Contents ;
---------------------
  1. Legal Notice
  2. Flow Summary
  3. Flow Settings
  4. Flow Non-Default Global Settings
  5. Flow Elapsed Time
  6. Flow OS Summary
  7. Flow Log
  8. Flow Messages
  9. Flow Suppressed Messages



----------------
; Legal Notice ;
----------------
Copyright (C) 2020  Intel Corporation. All rights reserved.
Your use of Intel Corporation's design tools, logic functions 
and other software and tools, and any partner logic 
functions, and any output files from any of the foregoing 
(including device programming or simulation files), and any 
associated documentation or information are expressly subject 
to the terms and conditions of the Intel Program License 
Subscription Agreement, the Intel Quartus Prime License Agreement,
the Intel FPGA IP License Agreement, or other applicable license
agreement, including, without limitation, that your use is for
the sole purpose of programming logic devices manufactured by
Intel and sold by Intel or its authorized distributors.  Please
refer to the applicable agreement for further details, at
https://fpgasoftware.intel.com/eula.



+----------------------------------------------------------------------------------+
; Flow Summary                                                                     ;
+------------------------------------+---------------------------------------------+
; Flow Status                        ; Successful - Tue Jul 06 14:42:33 2021       ;
; Quartus Prime Version              ; 20.1.1 Build 720 11/11/2020 SJ Lite Edition ;
; Revision Name                      ; 4-bit_logic_processor                       ;
; Top-level Entity Name              ; Processor                                   ;
; Family                             ; MAX 10                                      ;
; Device                             ; 10M50DAF484C7G                              ;
; Timing Models                      ; Final                                       ;
; Total logic elements               ; 53 / 49,760 ( < 1 % )                       ;
;     Total combinational functions  ; 45 / 49,760 ( < 1 % )                       ;
;     Dedicated logic registers      ; 27 / 49,760 ( < 1 % )                       ;
; Total registers                    ; 27                                          ;
; Total pins                         ; 54 / 360 ( 15 % )                           ;
; Total virtual pins                 ; 0                                           ;
; Total memory bits                  ; 0 / 1,677,312 ( 0 % )                       ;
; Embedded Multiplier 9-bit elements ; 0 / 288 ( 0 % )                             ;
; Total PLLs                         ; 0 / 4 ( 0 % )                               ;
; UFM blocks                         ; 0 / 1 ( 0 % )                               ;
; ADC blocks                         ; 0 / 2 ( 0 % )                               ;
+------------------------------------+---------------------------------------------+


+-------------------------------------------+
; Flow Settings                             ;
+-------------------+-----------------------+
; Option            ; Setting               ;
+-------------------+-----------------------+
; Start date & time ; 07/06/2021 14:41:46   ;
; Main task         ; Compilation           ;
; Revision Name     ; 4-bit_logic_processor ;
+-------------------+-----------------------+


+---------------------------------------------------------------------------------------------------------------------------------------------------------+
; Flow Non-Default Global Settings                                                                                                                        ;
+--------------------------------------+----------------------------------------+-----------------------+-------------+-----------------------------------+
; Assignment Name                      ; Value                                  ; Default Value         ; Entity Name ; Section Id                        ;
+--------------------------------------+----------------------------------------+-----------------------+-------------+-----------------------------------+
; COMPILER_SIGNATURE_ID                ; 52243206203.162560050608856            ; --                    ; --          ; --                                ;
; EDA_DESIGN_INSTANCE_NAME             ; NA                                     ; --                    ; --          ; 4-bit_logic_processor_testbench   ;
; EDA_GENERATE_FUNCTIONAL_NETLIST      ; Off                                    ; --                    ; --          ; eda_board_design_timing           ;
; EDA_GENERATE_FUNCTIONAL_NETLIST      ; Off                                    ; --                    ; --          ; eda_board_design_boundary_scan    ;
; EDA_GENERATE_FUNCTIONAL_NETLIST      ; Off                                    ; --                    ; --          ; eda_board_design_signal_integrity ;
; EDA_GENERATE_FUNCTIONAL_NETLIST      ; Off                                    ; --                    ; --          ; eda_board_design_symbol           ;
; EDA_NATIVELINK_SIMULATION_TEST_BENCH ; 4-bit_logic_processor_testbench        ; --                    ; --          ; eda_simulation                    ;
; EDA_OUTPUT_DATA_FORMAT               ; Systemverilog Hdl                      ; --                    ; --          ; eda_simulation                    ;
; EDA_SIMULATION_TOOL                  ; ModelSim-Altera (SystemVerilog)        ; <None>                ; --          ; --                                ;
; EDA_TEST_BENCH_ENABLE_STATUS         ; TEST_BENCH_MODE                        ; --                    ; --          ; eda_simulation                    ;
; EDA_TEST_BENCH_FILE                  ; 4-bit_logic_processor_testbench.sv     ; --                    ; --          ; 4-bit_logic_processor_testbench   ;
; EDA_TEST_BENCH_MODULE_NAME           ; logic_processor_4_bit_testbench        ; --                    ; --          ; 4-bit_logic_processor_testbench   ;
; EDA_TEST_BENCH_NAME                  ; 4-bit_logic_processor_testbench        ; --                    ; --          ; eda_simulation                    ;
; EDA_TEST_BENCH_RUN_SIM_FOR           ; 1000 ns                                ; --                    ; --          ; 4-bit_logic_processor_testbench   ;
; EDA_TIME_SCALE                       ; 1 ps                                   ; --                    ; --          ; eda_simulation                    ;
; FLOW_ENABLE_POWER_ANALYZER           ; On                                     ; Off                   ; --          ; --                                ;
; MAX_CORE_JUNCTION_TEMP               ; 85                                     ; --                    ; --          ; --                                ;
; MIN_CORE_JUNCTION_TEMP               ; 0                                      ; --                    ; --          ; --                                ;
; PARTITION_COLOR                      ; -- (Not supported for targeted family) ; --                    ; Processor   ; Top                               ;
; PARTITION_FITTER_PRESERVATION_LEVEL  ; -- (Not supported for targeted family) ; --                    ; Processor   ; Top                               ;
; PARTITION_NETLIST_TYPE               ; -- (Not supported for targeted family) ; --                    ; Processor   ; Top                               ;
; POWER_BOARD_THERMAL_MODEL            ; None (CONSERVATIVE)                    ; --                    ; --          ; --                                ;
; POWER_DEFAULT_INPUT_IO_TOGGLE_RATE   ; 12.5 %                                 ; 12.5%                 ; --          ; --                                ;
; POWER_PRESET_COOLING_SOLUTION        ; 23 MM HEAT SINK WITH 200 LFPM AIRFLOW  ; --                    ; --          ; --                                ;
; PROJECT_OUTPUT_DIRECTORY             ; output_files                           ; --                    ; --          ; --                                ;
; TOP_LEVEL_ENTITY                     ; Processor                              ; 4-bit_logic_processor ; --          ; --                                ;
+--------------------------------------+----------------------------------------+-----------------------+-------------+-----------------------------------+


+--------------------------------------------------------------------------------------------------------------------------+
; Flow Elapsed Time                                                                                                        ;
+----------------------+--------------+-------------------------+---------------------+------------------------------------+
; Module Name          ; Elapsed Time ; Average Processors Used ; Peak Virtual Memory ; Total CPU Time (on all processors) ;
+----------------------+--------------+-------------------------+---------------------+------------------------------------+
; Analysis & Synthesis ; 00:00:11     ; 1.0                     ; 4729 MB             ; 00:00:17                           ;
; Fitter               ; 00:00:15     ; 1.0                     ; 5348 MB             ; 00:00:15                           ;
; Assembler            ; 00:00:03     ; 1.0                     ; 4682 MB             ; 00:00:03                           ;
; Power Analyzer       ; 00:00:07     ; 1.0                     ; 4851 MB             ; 00:00:08                           ;
; Timing Analyzer      ; 00:00:03     ; 1.0                     ; 4798 MB             ; 00:00:03                           ;
; EDA Netlist Writer   ; 00:00:00     ; 1.0                     ; 4636 MB             ; 00:00:01                           ;
; Total                ; 00:00:39     ; --                      ; --                  ; 00:00:47                           ;
+----------------------+--------------+-------------------------+---------------------+------------------------------------+


+------------------------------------------------------------------------------------+
; Flow OS Summary                                                                    ;
+----------------------+------------------+------------+------------+----------------+
; Module Name          ; Machine Hostname ; OS Name    ; OS Version ; Processor type ;
+----------------------+------------------+------------+------------+----------------+
; Analysis & Synthesis ; DESKTOP-LH34G1L  ; Windows 10 ; 10.0       ; x86_64         ;
; Fitter               ; DESKTOP-LH34G1L  ; Windows 10 ; 10.0       ; x86_64         ;
; Assembler            ; DESKTOP-LH34G1L  ; Windows 10 ; 10.0       ; x86_64         ;
; Power Analyzer       ; DESKTOP-LH34G1L  ; Windows 10 ; 10.0       ; x86_64         ;
; Timing Analyzer      ; DESKTOP-LH34G1L  ; Windows 10 ; 10.0       ; x86_64         ;
; EDA Netlist Writer   ; DESKTOP-LH34G1L  ; Windows 10 ; 10.0       ; x86_64         ;
+----------------------+------------------+------------+------------+----------------+


------------
; Flow Log ;
------------
quartus_map --read_settings_files=on --write_settings_files=off 4-bit_logic_processor -c 4-bit_logic_processor
quartus_fit --read_settings_files=off --write_settings_files=off 4-bit_logic_processor -c 4-bit_logic_processor
quartus_asm --read_settings_files=off --write_settings_files=off 4-bit_logic_processor -c 4-bit_logic_processor
quartus_pow --read_settings_files=off --write_settings_files=off 4-bit_logic_processor -c 4-bit_logic_processor
quartus_sta 4-bit_logic_processor -c 4-bit_logic_processor
quartus_eda --read_settings_files=off --write_settings_files=off 4-bit_logic_processor -c 4-bit_logic_processor



